app/build/intermediates/manifest_merge_blame_file/debug/manifest-merger-blame-debug-report.txt
1<?xml version="1.0" encoding="utf-8"?>
2<manifest xmlns:android="http://schemas.android.com/apk/res/android"
3    package="com.example.demorobocontrollerapp"
4    android:versionCode="1"
5    android:versionName="1.0" >
6
7    <uses-sdk
8        android:minSdkVersion="24"
9        android:targetSdkVersion="34" />
10
11    <uses-permission android:name="android.permission.ACCESS_WIFI_STATE" />
11-->src\main\AndroidManifest.xml:5:5-75
11-->src\main\AndroidManifest.xml:5:22-73
12    <uses-permission android:name="android.permission.INTERNET" />
12-->src\main\AndroidManifest.xml:6:5-67
12-->src\main\AndroidManifest.xml:6:22-64
13
14    <permission
14-->[androidx.core:core:1.15.0] AndroidManifest.xml:22:5-24:47
15        android:name="com.example.demorobocontrollerapp.DYNAMIC_RECEIVER_NOT_EXPORTED_PERMISSION"
15-->[androidx.core:core:1.15.0] AndroidManifest.xml:23:9-81
16        android:protectionLevel="signature" />
16-->[androidx.core:core:1.15.0] AndroidManifest.xml:24:9-44
17
18    <uses-permission android:name="com.example.demorobocontrollerapp.DYNAMIC_RECEIVER_NOT_EXPORTED_PERMISSION" />
18-->[androidx.core:core:1.15.0] AndroidManifest.xml:26:5-97
18-->[androidx.core:core:1.15.0] AndroidManifest.xml:26:22-94
19    <uses-permission android:name="android.permission.REORDER_TASKS" />
19-->[androidx.test:core:1.6.1] AndroidManifest.xml:24:5-72
19-->[androidx.test:core:1.6.1] AndroidManifest.xml:24:22-69
20
21    <queries>
21-->[androidx.test:runner:1.6.1] AndroidManifest.xml:24:5-28:15
22        <package android:name="androidx.test.orchestrator" />
22-->[androidx.test:runner:1.6.1] AndroidManifest.xml:25:9-62
22-->[androidx.test:runner:1.6.1] AndroidManifest.xml:25:18-59
23        <package android:name="androidx.test.services" />
23-->[androidx.test:runner:1.6.1] AndroidManifest.xml:26:9-58
23-->[androidx.test:runner:1.6.1] AndroidManifest.xml:26:18-55
24        <package android:name="com.google.android.apps.common.testing.services" />
24-->[androidx.test:runner:1.6.1] AndroidManifest.xml:27:9-83
24-->[androidx.test:runner:1.6.1] AndroidManifest.xml:27:18-80
25    </queries>
26
27    <application
27-->src\main\AndroidManifest.xml:8:5-34:19
28        android:allowBackup="true"
28-->src\main\AndroidManifest.xml:9:9-35
29        android:appComponentFactory="androidx.core.app.CoreComponentFactory"
29-->[androidx.core:core:1.15.0] AndroidManifest.xml:28:18-86
30        android:dataExtractionRules="@xml/data_extraction_rules"
30-->src\main\AndroidManifest.xml:10:9-65
31        android:debuggable="true"
32        android:exported="true"
32-->src\main\AndroidManifest.xml:19:9-32
33        android:extractNativeLibs="false"
34        android:fullBackupContent="@xml/backup_rules"
34-->src\main\AndroidManifest.xml:11:9-54
35        android:icon="@mipmap/ic_launcher"
35-->src\main\AndroidManifest.xml:13:9-43
36        android:label="@string/app_name"
36-->src\main\AndroidManifest.xml:12:9-41
37        android:networkSecurityConfig="@xml/network_security_config"
37-->src\main\AndroidManifest.xml:18:9-69
38        android:roundIcon="@mipmap/ic_launcher_round"
38-->src\main\AndroidManifest.xml:14:9-54
39        android:supportsRtl="true"
39-->src\main\AndroidManifest.xml:15:9-35
40        android:testOnly="true"
41        android:theme="@style/Theme.RoboControllerApp"
41-->src\main\AndroidManifest.xml:16:9-55
42        android:usesCleartextTraffic="true" >
42-->src\main\AndroidManifest.xml:17:9-44
43
44        <!-- Set MainActivity as the launcher activity if it initializes AppNavHost -->
45        <activity
45-->src\main\AndroidManifest.xml:24:9-33:20
46            android:name="com.example.demorobocontrollerapp.AppNavHost"
46-->src\main\AndroidManifest.xml:25:13-39
47            android:exported="true"
47-->src\main\AndroidManifest.xml:26:13-36
48            android:label="@string/app_name"
48-->src\main\AndroidManifest.xml:27:13-45
49            android:theme="@style/Theme.RoboControllerApp" >
49-->src\main\AndroidManifest.xml:28:13-59
50            <intent-filter>
50-->src\main\AndroidManifest.xml:29:13-32:29
51                <action android:name="android.intent.action.MAIN" />
51-->src\main\AndroidManifest.xml:30:17-69
51-->src\main\AndroidManifest.xml:30:25-66
52
53                <category android:name="android.intent.category.LAUNCHER" />
53-->src\main\AndroidManifest.xml:31:17-77
53-->src\main\AndroidManifest.xml:31:27-74
54            </intent-filter>
55        </activity>
56        <activity
56-->[androidx.compose.ui:ui-tooling-android:1.7.2] AndroidManifest.xml:23:9-25:39
57            android:name="androidx.compose.ui.tooling.PreviewActivity"
57-->[androidx.compose.ui:ui-tooling-android:1.7.2] AndroidManifest.xml:24:13-71
58            android:exported="true" />
58-->[androidx.compose.ui:ui-tooling-android:1.7.2] AndroidManifest.xml:25:13-36
59
60        <provider
60-->[androidx.emoji2:emoji2:1.3.0] AndroidManifest.xml:24:9-32:20
61            android:name="androidx.startup.InitializationProvider"
61-->[androidx.emoji2:emoji2:1.3.0] AndroidManifest.xml:25:13-67
62            android:authorities="com.example.demorobocontrollerapp.androidx-startup"
62-->[androidx.emoji2:emoji2:1.3.0] AndroidManifest.xml:26:13-68
63            android:exported="false" >
63-->[androidx.emoji2:emoji2:1.3.0] AndroidManifest.xml:27:13-37
64            <meta-data
64-->[androidx.emoji2:emoji2:1.3.0] AndroidManifest.xml:29:13-31:52
65                android:name="androidx.emoji2.text.EmojiCompatInitializer"
65-->[androidx.emoji2:emoji2:1.3.0] AndroidManifest.xml:30:17-75
66                android:value="androidx.startup" />
66-->[androidx.emoji2:emoji2:1.3.0] AndroidManifest.xml:31:17-49
67            <meta-data
67-->[androidx.lifecycle:lifecycle-process:2.8.7] AndroidManifest.xml:29:13-31:52
68                android:name="androidx.lifecycle.ProcessLifecycleInitializer"
68-->[androidx.lifecycle:lifecycle-process:2.8.7] AndroidManifest.xml:30:17-78
69                android:value="androidx.startup" />
69-->[androidx.lifecycle:lifecycle-process:2.8.7] AndroidManifest.xml:31:17-49
70            <meta-data
70-->[androidx.profileinstaller:profileinstaller:1.3.1] AndroidManifest.xml:29:13-31:52
71                android:name="androidx.profileinstaller.ProfileInstallerInitializer"
71-->[androidx.profileinstaller:profileinstaller:1.3.1] AndroidManifest.xml:30:17-85
72                android:value="androidx.startup" />
72-->[androidx.profileinstaller:profileinstaller:1.3.1] AndroidManifest.xml:31:17-49
73        </provider>
74
75        <activity
75-->[androidx.test:core:1.6.1] AndroidManifest.xml:27:9-34:20
76            android:name="androidx.test.core.app.InstrumentationActivityInvoker$BootstrapActivity"
76-->[androidx.test:core:1.6.1] AndroidManifest.xml:28:13-99
77            android:exported="true"
77-->[androidx.test:core:1.6.1] AndroidManifest.xml:29:13-36
78            android:theme="@style/WhiteBackgroundTheme" >
78-->[androidx.test:core:1.6.1] AndroidManifest.xml:30:13-56
79            <intent-filter android:priority="-100" >
79-->[androidx.test:core:1.6.1] AndroidManifest.xml:31:13-33:29
79-->[androidx.test:core:1.6.1] AndroidManifest.xml:31:28-51
80                <category android:name="android.intent.category.LAUNCHER" />
80-->src\main\AndroidManifest.xml:31:17-77
80-->src\main\AndroidManifest.xml:31:27-74
81            </intent-filter>
82        </activity>
83        <activity
83-->[androidx.test:core:1.6.1] AndroidManifest.xml:35:9-42:20
84            android:name="androidx.test.core.app.InstrumentationActivityInvoker$EmptyActivity"
84-->[androidx.test:core:1.6.1] AndroidManifest.xml:36:13-95
85            android:exported="true"
85-->[androidx.test:core:1.6.1] AndroidManifest.xml:37:13-36
86            android:theme="@style/WhiteBackgroundTheme" >
86-->[androidx.test:core:1.6.1] AndroidManifest.xml:38:13-56
87            <intent-filter android:priority="-100" >
87-->[androidx.test:core:1.6.1] AndroidManifest.xml:31:13-33:29
87-->[androidx.test:core:1.6.1] AndroidManifest.xml:31:28-51
88                <category android:name="android.intent.category.LAUNCHER" />
88-->src\main\AndroidManifest.xml:31:17-77
88-->src\main\AndroidManifest.xml:31:27-74
89            </intent-filter>
90        </activity>
91        <activity
91-->[androidx.test:core:1.6.1] AndroidManifest.xml:43:9-50:20
92            android:name="androidx.test.core.app.InstrumentationActivityInvoker$EmptyFloatingActivity"
92-->[androidx.test:core:1.6.1] AndroidManifest.xml:44:13-103
93            android:exported="true"
93-->[androidx.test:core:1.6.1] AndroidManifest.xml:45:13-36
94            android:theme="@style/WhiteBackgroundDialogTheme" >
94-->[androidx.test:core:1.6.1] AndroidManifest.xml:46:13-62
95            <intent-filter android:priority="-100" >
95-->[androidx.test:core:1.6.1] AndroidManifest.xml:31:13-33:29
95-->[androidx.test:core:1.6.1] AndroidManifest.xml:31:28-51
96                <category android:name="android.intent.category.LAUNCHER" />
96-->src\main\AndroidManifest.xml:31:17-77
96-->src\main\AndroidManifest.xml:31:27-74
97            </intent-filter>
98        </activity>
99        <activity
99-->[androidx.compose.ui:ui-test-manifest:1.7.2] AndroidManifest.xml:23:9-25:39
100            android:name="androidx.activity.ComponentActivity"
100-->[androidx.compose.ui:ui-test-manifest:1.7.2] AndroidManifest.xml:24:13-63
101            android:exported="true" />
101-->[androidx.compose.ui:ui-test-manifest:1.7.2] AndroidManifest.xml:25:13-36
102
103        <receiver
103-->[androidx.profileinstaller:profileinstaller:1.3.1] AndroidManifest.xml:34:9-52:20
104            android:name="androidx.profileinstaller.ProfileInstallReceiver"
104-->[androidx.profileinstaller:profileinstaller:1.3.1] AndroidManifest.xml:35:13-76
105            android:directBootAware="false"
105-->[androidx.profileinstaller:profileinstaller:1.3.1] AndroidManifest.xml:36:13-44
106            android:enabled="true"
106-->[androidx.profileinstaller:profileinstaller:1.3.1] AndroidManifest.xml:37:13-35
107            android:exported="true"
107-->[androidx.profileinstaller:profileinstaller:1.3.1] AndroidManifest.xml:38:13-36
108            android:permission="android.permission.DUMP" >
108-->[androidx.profileinstaller:profileinstaller:1.3.1] AndroidManifest.xml:39:13-57
109            <intent-filter>
109-->[androidx.profileinstaller:profileinstaller:1.3.1] AndroidManifest.xml:40:13-42:29
110                <action android:name="androidx.profileinstaller.action.INSTALL_PROFILE" />
110-->[androidx.profileinstaller:profileinstaller:1.3.1] AndroidManifest.xml:41:17-91
110-->[androidx.profileinstaller:profileinstaller:1.3.1] AndroidManifest.xml:41:25-88
111            </intent-filter>
112            <intent-filter>
112-->[androidx.profileinstaller:profileinstaller:1.3.1] AndroidManifest.xml:43:13-45:29
113                <action android:name="androidx.profileinstaller.action.SKIP_FILE" />
113-->[androidx.profileinstaller:profileinstaller:1.3.1] AndroidManifest.xml:44:17-85
113-->[androidx.profileinstaller:profileinstaller:1.3.1] AndroidManifest.xml:44:25-82
114            </intent-filter>
115            <intent-filter>
115-->[androidx.profileinstaller:profileinstaller:1.3.1] AndroidManifest.xml:46:13-48:29
116                <action android:name="androidx.profileinstaller.action.SAVE_PROFILE" />
116-->[androidx.profileinstaller:profileinstaller:1.3.1] AndroidManifest.xml:47:17-88
116-->[androidx.profileinstaller:profileinstaller:1.3.1] AndroidManifest.xml:47:25-85
117            </intent-filter>
118            <intent-filter>
118-->[androidx.profileinstaller:profileinstaller:1.3.1] AndroidManifest.xml:49:13-51:29
119                <action android:name="androidx.profileinstaller.action.BENCHMARK_OPERATION" />
119-->[androidx.profileinstaller:profileinstaller:1.3.1] AndroidManifest.xml:50:17-95
119-->[androidx.profileinstaller:profileinstaller:1.3.1] AndroidManifest.xml:50:25-92
120            </intent-filter>
121        </receiver>
122    </application>
123
124</manifest>